<?xml version="1.0" encoding="UTF-8"?>
<testng-results ignored="0" total="25" passed="25" failed="0" skipped="0">
  <reporter-output>
  </reporter-output>
  <suite started-at="2026-07-30T13:29:27 IST" name="EmployeeDirectorySuite" finished-at="2026-07-30T13:30:03 IST" duration-ms="36583">
    <groups>
    </groups>
    <test started-at="2026-07-30T13:29:27 IST" name="PageLoadRendering" finished-at="2026-07-30T13:29:33 IST" duration-ms="6759">
      <class name="com.employeedirectory.tests.PageLoadRenderingTest">
        <test-method is-config="true" signature="setUpClass()[pri:0, instance:com.employeedirectory.tests.PageLoadRenderingTest@47af7f3d]" started-at="2026-07-30T13:29:27 IST" name="setUpClass" finished-at="2026-07-30T13:29:27 IST" duration-ms="742" status="PASS">
          <reporter-output>
          </reporter-output>
        </test-method> <!-- setUpClass -->
        <test-method is-config="true" signature="setUpDriver()[pri:0, instance:com.employeedirectory.tests.PageLoadRenderingTest@47af7f3d]" started-at="2026-07-30T13:29:27 IST" name="setUpDriver" finished-at="2026-07-30T13:29:29 IST" duration-ms="1236" status="PASS">
          <reporter-output>
          </reporter-output>
        </test-method> <!-- setUpDriver -->
        <test-method signature="allEmployeesRenderOnInitialLoad()[pri:0, instance:com.employeedirectory.tests.PageLoadRenderingTest@47af7f3d]" started-at="2026-07-30T13:29:29 IST" name="allEmployeesRenderOnInitialLoad" description="PL-02: All employees render on initial load" finished-at="2026-07-30T13:29:29 IST" duration-ms="115" status="PASS">
          <reporter-output>
          </reporter-output>
        </test-method> <!-- allEmployeesRenderOnInitialLoad -->
        <test-method is-config="true" signature="tearDownDriver()[pri:0, instance:com.employeedirectory.tests.PageLoadRenderingTest@47af7f3d]" started-at="2026-07-30T13:29:29 IST" name="tearDownDriver" finished-at="2026-07-30T13:29:29 IST" duration-ms="73" status="PASS">
          <reporter-output>
          </reporter-output>
        </test-method> <!-- tearDownDriver -->
        <test-method is-config="true" signature="setUpDriver()[pri:0, instance:com.employeedirectory.tests.PageLoadRenderingTest@47af7f3d]" started-at="2026-07-30T13:29:29 IST" name="setUpDriver" finished-at="2026-07-30T13:29:30 IST" duration-ms="984" status="PASS">
          <reporter-output>
          </reporter-output>
        </test-method> <!-- setUpDriver -->
        <test-method signature="pageLoadsWithTitleAndSearchBox()[pri:0, instance:com.employeedirectory.tests.PageLoadRenderingTest@47af7f3d]" started-at="2026-07-30T13:29:30 IST" name="pageLoadsWithTitleAndSearchBox" description="PL-01: Page loads with title and search box" finished-at="2026-07-30T13:29:30 IST" duration-ms="35" status="PASS">
          <reporter-output>
          </reporter-output>
        </test-method> <!-- pageLoadsWithTitleAndSearchBox -->
        <test-method is-config="true" signature="tearDownDriver()[pri:0, instance:com.employeedirectory.tests.PageLoadRenderingTest@47af7f3d]" started-at="2026-07-30T13:29:30 IST" name="tearDownDriver" finished-at="2026-07-30T13:29:30 IST" duration-ms="94" status="PASS">
          <reporter-output>
          </reporter-output>
        </test-method> <!-- tearDownDriver -->
        <test-method is-config="true" signature="setUpDriver()[pri:0, instance:com.employeedirectory.tests.PageLoadRenderingTest@47af7f3d]" started-at="2026-07-30T13:29:30 IST" name="setUpDriver" finished-at="2026-07-30T13:29:31 IST" duration-ms="997" status="PASS">
          <reporter-output>
          </reporter-output>
        </test-method> <!-- setUpDriver -->
        <test-method signature="rowCellValuesMatchFixtureData()[pri:0, instance:com.employeedirectory.tests.PageLoadRenderingTest@47af7f3d]" started-at="2026-07-30T13:29:31 IST" name="rowCellValuesMatchFixtureData" description="PL-04: Row cell values match fixture data exactly" finished-at="2026-07-30T13:29:31 IST" duration-ms="99" status="PASS">
          <reporter-output>
          </reporter-output>
        </test-method> <!-- rowCellValuesMatchFixtureData -->
        <test-method is-config="true" signature="tearDownDriver()[pri:0, instance:com.employeedirectory.tests.PageLoadRenderingTest@47af7f3d]" started-at="2026-07-30T13:29:31 IST" name="tearDownDriver" finished-at="2026-07-30T13:29:31 IST" duration-ms="70" status="PASS">
          <reporter-output>
          </reporter-output>
        </test-method> <!-- tearDownDriver -->
        <test-method is-config="true" signature="setUpDriver()[pri:0, instance:com.employeedirectory.tests.PageLoadRenderingTest@47af7f3d]" started-at="2026-07-30T13:29:31 IST" name="setUpDriver" finished-at="2026-07-30T13:29:32 IST" duration-ms="1017" status="PASS">
          <reporter-output>
          </reporter-output>
        </test-method> <!-- setUpDriver -->
        <test-method signature="searchBoxIsEmptyByDefault()[pri:0, instance:com.employeedirectory.tests.PageLoadRenderingTest@47af7f3d]" started-at="2026-07-30T13:29:32 IST" name="searchBoxIsEmptyByDefault" description="PL-05: Search box is empty by default" finished-at="2026-07-30T13:29:32 IST" duration-ms="13" status="PASS">
          <reporter-output>
          </reporter-output>
        </test-method> <!-- searchBoxIsEmptyByDefault -->
        <test-method is-config="true" signature="tearDownDriver()[pri:0, instance:com.employeedirectory.tests.PageLoadRenderingTest@47af7f3d]" started-at="2026-07-30T13:29:32 IST" name="tearDownDriver" finished-at="2026-07-30T13:29:32 IST" duration-ms="68" status="PASS">
          <reporter-output>
          </reporter-output>
        </test-method> <!-- tearDownDriver -->
        <test-method is-config="true" signature="setUpDriver()[pri:0, instance:com.employeedirectory.tests.PageLoadRenderingTest@47af7f3d]" started-at="2026-07-30T13:29:32 IST" name="setUpDriver" finished-at="2026-07-30T13:29:33 IST" duration-ms="1043" status="PASS">
          <reporter-output>
          </reporter-output>
        </test-method> <!-- setUpDriver -->
        <test-method signature="tableHeaderColumnsAreCorrect()[pri:0, instance:com.employeedirectory.tests.PageLoadRenderingTest@47af7f3d]" started-at="2026-07-30T13:29:33 IST" name="tableHeaderColumnsAreCorrect" description="PL-03: Table header columns are correct" finished-at="2026-07-30T13:29:33 IST" duration-ms="79" status="PASS">
          <reporter-output>
          </reporter-output>
        </test-method> <!-- tableHeaderColumnsAreCorrect -->
        <test-method is-config="true" signature="tearDownDriver()[pri:0, instance:com.employeedirectory.tests.PageLoadRenderingTest@47af7f3d]" started-at="2026-07-30T13:29:33 IST" name="tearDownDriver" finished-at="2026-07-30T13:29:33 IST" duration-ms="64" status="PASS">
          <reporter-output>
          </reporter-output>
        </test-method> <!-- tearDownDriver -->
      </class> <!-- com.employeedirectory.tests.PageLoadRenderingTest -->
    </test> <!-- PageLoadRendering -->
    <test started-at="2026-07-30T13:29:33 IST" name="SearchByName" finished-at="2026-07-30T13:29:43 IST" duration-ms="9762">
      <class name="com.employeedirectory.tests.SearchByNameTest">
        <test-method is-config="true" signature="setUpClass()[pri:0, instance:com.employeedirectory.tests.SearchByNameTest@42a48628]" started-at="2026-07-30T13:29:33 IST" name="setUpClass" finished-at="2026-07-30T13:29:33 IST" duration-ms="14" status="PASS">
          <reporter-output>
          </reporter-output>
        </test-method> <!-- setUpClass -->
        <test-method is-config="true" signature="setUpDriver()[pri:0, instance:com.employeedirectory.tests.SearchByNameTest@42a48628]" started-at="2026-07-30T13:29:33 IST" name="setUpDriver" finished-at="2026-07-30T13:29:34 IST" duration-ms="958" status="PASS">
          <reporter-output>
          </reporter-output>
        </test-method> <!-- setUpDriver -->
        <test-method signature="fullNameCaseInsensitiveMatch()[pri:0, instance:com.employeedirectory.tests.SearchByNameTest@42a48628]" started-at="2026-07-30T13:29:34 IST" name="fullNameCaseInsensitiveMatch" description="SN-02: Full name, case-insensitive match" finished-at="2026-07-30T13:29:35 IST" duration-ms="302" status="PASS">
          <reporter-output>
          </reporter-output>
        </test-method> <!-- fullNameCaseInsensitiveMatch -->
        <test-method is-config="true" signature="tearDownDriver()[pri:0, instance:com.employeedirectory.tests.SearchByNameTest@42a48628]" started-at="2026-07-30T13:29:35 IST" name="tearDownDriver" finished-at="2026-07-30T13:29:35 IST" duration-ms="99" status="PASS">
          <reporter-output>
          </reporter-output>
        </test-method> <!-- tearDownDriver -->
        <test-method is-config="true" signature="setUpDriver()[pri:0, instance:com.employeedirectory.tests.SearchByNameTest@42a48628]" started-at="2026-07-30T13:29:35 IST" name="setUpDriver" finished-at="2026-07-30T13:29:36 IST" duration-ms="998" status="PASS">
          <reporter-output>
          </reporter-output>
        </test-method> <!-- setUpDriver -->
        <test-method signature="fullNameExactCaseMatch()[pri:0, instance:com.employeedirectory.tests.SearchByNameTest@42a48628]" started-at="2026-07-30T13:29:36 IST" name="fullNameExactCaseMatch" description="SN-01: Full name, exact case match" finished-at="2026-07-30T13:29:36 IST" duration-ms="331" status="PASS">
          <reporter-output>
          </reporter-output>
        </test-method> <!-- fullNameExactCaseMatch -->
        <test-method is-config="true" signature="tearDownDriver()[pri:0, instance:com.employeedirectory.tests.SearchByNameTest@42a48628]" started-at="2026-07-30T13:29:36 IST" name="tearDownDriver" finished-at="2026-07-30T13:29:36 IST" duration-ms="102" status="PASS">
          <reporter-output>
          </reporter-output>
        </test-method> <!-- tearDownDriver -->
        <test-method is-config="true" signature="setUpDriver()[pri:0, instance:com.employeedirectory.tests.SearchByNameTest@42a48628]" started-at="2026-07-30T13:29:36 IST" name="setUpDriver" finished-at="2026-07-30T13:29:37 IST" duration-ms="999" status="PASS">
          <reporter-output>
          </reporter-output>
        </test-method> <!-- setUpDriver -->
        <test-method signature="mixedCasePartialNameMatch()[pri:0, instance:com.employeedirectory.tests.SearchByNameTest@42a48628]" started-at="2026-07-30T13:29:37 IST" name="mixedCasePartialNameMatch" description="SN-06: Mixed-case partial name match" finished-at="2026-07-30T13:29:37 IST" duration-ms="295" status="PASS">
          <reporter-output>
          </reporter-output>
        </test-method> <!-- mixedCasePartialNameMatch -->
        <test-method is-config="true" signature="tearDownDriver()[pri:0, instance:com.employeedirectory.tests.SearchByNameTest@42a48628]" started-at="2026-07-30T13:29:37 IST" name="tearDownDriver" finished-at="2026-07-30T13:29:38 IST" duration-ms="99" status="PASS">
          <reporter-output>
          </reporter-output>
        </test-method> <!-- tearDownDriver -->
        <test-method is-config="true" signature="setUpDriver()[pri:0, instance:com.employeedirectory.tests.SearchByNameTest@42a48628]" started-at="2026-07-30T13:29:38 IST" name="setUpDriver" finished-at="2026-07-30T13:29:39 IST" duration-ms="1004" status="PASS">
          <reporter-output>
          </reporter-output>
        </test-method> <!-- setUpDriver -->
        <test-method signature="nameSubstringWithNoMatchReturnsEmpty()[pri:0, instance:com.employeedirectory.tests.SearchByNameTest@42a48628]" started-at="2026-07-30T13:29:39 IST" name="nameSubstringWithNoMatchReturnsEmpty" description="SN-07: Name substring shared by no one returns empty" finished-at="2026-07-30T13:29:39 IST" duration-ms="276" status="PASS">
          <reporter-output>
          </reporter-output>
        </test-method> <!-- nameSubstringWithNoMatchReturnsEmpty -->
        <test-method is-config="true" signature="tearDownDriver()[pri:0, instance:com.employeedirectory.tests.SearchByNameTest@42a48628]" started-at="2026-07-30T13:29:39 IST" name="tearDownDriver" finished-at="2026-07-30T13:29:39 IST" duration-ms="85" status="PASS">
          <reporter-output>
          </reporter-output>
        </test-method> <!-- tearDownDriver -->
        <test-method is-config="true" signature="setUpDriver()[pri:0, instance:com.employeedirectory.tests.SearchByNameTest@42a48628]" started-at="2026-07-30T13:29:39 IST" name="setUpDriver" finished-at="2026-07-30T13:29:40 IST" duration-ms="1004" status="PASS">
          <reporter-output>
          </reporter-output>
        </test-method> <!-- setUpDriver -->
        <test-method signature="partialNameMatchFirstNameOnly()[pri:0, instance:com.employeedirectory.tests.SearchByNameTest@42a48628]" started-at="2026-07-30T13:29:40 IST" name="partialNameMatchFirstNameOnly" description="SN-04: Partial name match, first name only" finished-at="2026-07-30T13:29:40 IST" duration-ms="305" status="PASS">
          <reporter-output>
          </reporter-output>
        </test-method> <!-- partialNameMatchFirstNameOnly -->
        <test-method is-config="true" signature="tearDownDriver()[pri:0, instance:com.employeedirectory.tests.SearchByNameTest@42a48628]" started-at="2026-07-30T13:29:40 IST" name="tearDownDriver" finished-at="2026-07-30T13:29:40 IST" duration-ms="87" status="PASS">
          <reporter-output>
          </reporter-output>
        </test-method> <!-- tearDownDriver -->
        <test-method is-config="true" signature="setUpDriver()[pri:0, instance:com.employeedirectory.tests.SearchByNameTest@42a48628]" started-at="2026-07-30T13:29:40 IST" name="setUpDriver" finished-at="2026-07-30T13:29:41 IST" duration-ms="1003" status="PASS">
          <reporter-output>
          </reporter-output>
        </test-method> <!-- setUpDriver -->
        <test-method signature="partialNameMatchLastNameOnly()[pri:0, instance:com.employeedirectory.tests.SearchByNameTest@42a48628]" started-at="2026-07-30T13:29:41 IST" name="partialNameMatchLastNameOnly" description="SN-05: Partial name match, last name only" finished-at="2026-07-30T13:29:42 IST" duration-ms="320" status="PASS">
          <reporter-output>
          </reporter-output>
        </test-method> <!-- partialNameMatchLastNameOnly -->
        <test-method is-config="true" signature="tearDownDriver()[pri:0, instance:com.employeedirectory.tests.SearchByNameTest@42a48628]" started-at="2026-07-30T13:29:42 IST" name="tearDownDriver" finished-at="2026-07-30T13:29:42 IST" duration-ms="98" status="PASS">
          <reporter-output>
          </reporter-output>
        </test-method> <!-- tearDownDriver -->
        <test-method is-config="true" signature="setUpDriver()[pri:0, instance:com.employeedirectory.tests.SearchByNameTest@42a48628]" started-at="2026-07-30T13:29:42 IST" name="setUpDriver" finished-at="2026-07-30T13:29:43 IST" duration-ms="990" status="PASS">
          <reporter-output>
          </reporter-output>
        </test-method> <!-- setUpDriver -->
        <test-method signature="partialNameMatchMiddleOfString()[pri:0, instance:com.employeedirectory.tests.SearchByNameTest@42a48628]" started-at="2026-07-30T13:29:43 IST" name="partialNameMatchMiddleOfString" description="SN-03: Partial/substring name match (middle of string)" finished-at="2026-07-30T13:29:43 IST" duration-ms="285" status="PASS">
          <reporter-output>
          </reporter-output>
        </test-method> <!-- partialNameMatchMiddleOfString -->
        <test-method is-config="true" signature="tearDownDriver()[pri:0, instance:com.employeedirectory.tests.SearchByNameTest@42a48628]" started-at="2026-07-30T13:29:43 IST" name="tearDownDriver" finished-at="2026-07-30T13:29:43 IST" duration-ms="99" status="PASS">
          <reporter-output>
          </reporter-output>
        </test-method> <!-- tearDownDriver -->
      </class> <!-- com.employeedirectory.tests.SearchByNameTest -->
    </test> <!-- SearchByName -->
    <test started-at="2026-07-30T13:29:43 IST" name="SearchByDepartment" finished-at="2026-07-30T13:29:50 IST" duration-ms="6912">
      <class name="com.employeedirectory.tests.SearchByDepartmentTest">
        <test-method is-config="true" signature="setUpClass()[pri:0, instance:com.employeedirectory.tests.SearchByDepartmentTest@409bf450]" started-at="2026-07-30T13:29:43 IST" name="setUpClass" finished-at="2026-07-30T13:29:43 IST" duration-ms="13" status="PASS">
          <reporter-output>
          </reporter-output>
        </test-method> <!-- setUpClass -->
        <test-method is-config="true" signature="setUpDriver()[pri:0, instance:com.employeedirectory.tests.SearchByDepartmentTest@409bf450]" started-at="2026-07-30T13:29:43 IST" name="setUpDriver" finished-at="2026-07-30T13:29:44 IST" duration-ms="1000" status="PASS">
          <reporter-output>
          </reporter-output>
        </test-method> <!-- setUpDriver -->
        <test-method signature="departmentQueryWithNoMatches()[pri:0, instance:com.employeedirectory.tests.SearchByDepartmentTest@409bf450]" started-at="2026-07-30T13:29:44 IST" name="departmentQueryWithNoMatches" description="SD-05: Department query with no matches" finished-at="2026-07-30T13:29:44 IST" duration-ms="282" status="PASS">
          <reporter-output>
          </reporter-output>
        </test-method> <!-- departmentQueryWithNoMatches -->
        <test-method is-config="true" signature="tearDownDriver()[pri:0, instance:com.employeedirectory.tests.SearchByDepartmentTest@409bf450]" started-at="2026-07-30T13:29:44 IST" name="tearDownDriver" finished-at="2026-07-30T13:29:45 IST" duration-ms="80" status="PASS">
          <reporter-output>
          </reporter-output>
        </test-method> <!-- tearDownDriver -->
        <test-method is-config="true" signature="setUpDriver()[pri:0, instance:com.employeedirectory.tests.SearchByDepartmentTest@409bf450]" started-at="2026-07-30T13:29:45 IST" name="setUpDriver" finished-at="2026-07-30T13:29:46 IST" duration-ms="985" status="PASS">
          <reporter-output>
          </reporter-output>
        </test-method> <!-- setUpDriver -->
        <test-method signature="departmentSubstringMatchMixedCase()[pri:0, instance:com.employeedirectory.tests.SearchByDepartmentTest@409bf450]" started-at="2026-07-30T13:29:46 IST" name="departmentSubstringMatchMixedCase" description="SD-04: Department substring match, mixed case" finished-at="2026-07-30T13:29:46 IST" duration-ms="289" status="PASS">
          <reporter-output>
          </reporter-output>
        </test-method> <!-- departmentSubstringMatchMixedCase -->
        <test-method is-config="true" signature="tearDownDriver()[pri:0, instance:com.employeedirectory.tests.SearchByDepartmentTest@409bf450]" started-at="2026-07-30T13:29:46 IST" name="tearDownDriver" finished-at="2026-07-30T13:29:46 IST" duration-ms="66" status="PASS">
          <reporter-output>
          </reporter-output>
        </test-method> <!-- tearDownDriver -->
        <test-method is-config="true" signature="setUpDriver()[pri:0, instance:com.employeedirectory.tests.SearchByDepartmentTest@409bf450]" started-at="2026-07-30T13:29:46 IST" name="setUpDriver" finished-at="2026-07-30T13:29:47 IST" duration-ms="1006" status="PASS">
          <reporter-output>
          </reporter-output>
        </test-method> <!-- setUpDriver -->
        <test-method signature="exactDepartmentMatchCaseInsensitive()[pri:0, instance:com.employeedirectory.tests.SearchByDepartmentTest@409bf450]" started-at="2026-07-30T13:29:47 IST" name="exactDepartmentMatchCaseInsensitive" description="SD-02: Exact department match, case-insensitive" finished-at="2026-07-30T13:29:47 IST" duration-ms="296" status="PASS">
          <reporter-output>
          </reporter-output>
        </test-method> <!-- exactDepartmentMatchCaseInsensitive -->
        <test-method is-config="true" signature="tearDownDriver()[pri:0, instance:com.employeedirectory.tests.SearchByDepartmentTest@409bf450]" started-at="2026-07-30T13:29:47 IST" name="tearDownDriver" finished-at="2026-07-30T13:29:47 IST" duration-ms="102" status="PASS">
          <reporter-output>
          </reporter-output>
        </test-method> <!-- tearDownDriver -->
        <test-method is-config="true" signature="setUpDriver()[pri:0, instance:com.employeedirectory.tests.SearchByDepartmentTest@409bf450]" started-at="2026-07-30T13:29:47 IST" name="setUpDriver" finished-at="2026-07-30T13:29:48 IST" duration-ms="998" status="PASS">
          <reporter-output>
          </reporter-output>
        </test-method> <!-- setUpDriver -->
        <test-method signature="exactDepartmentMatchSingleResult()[pri:0, instance:com.employeedirectory.tests.SearchByDepartmentTest@409bf450]" started-at="2026-07-30T13:29:48 IST" name="exactDepartmentMatchSingleResult" description="SD-01: Exact department match, single result" finished-at="2026-07-30T13:29:49 IST" duration-ms="337" status="PASS">
          <reporter-output>
          </reporter-output>
        </test-method> <!-- exactDepartmentMatchSingleResult -->
        <test-method is-config="true" signature="tearDownDriver()[pri:0, instance:com.employeedirectory.tests.SearchByDepartmentTest@409bf450]" started-at="2026-07-30T13:29:49 IST" name="tearDownDriver" finished-at="2026-07-30T13:29:49 IST" duration-ms="78" status="PASS">
          <reporter-output>
          </reporter-output>
        </test-method> <!-- tearDownDriver -->
        <test-method is-config="true" signature="setUpDriver()[pri:0, instance:com.employeedirectory.tests.SearchByDepartmentTest@409bf450]" started-at="2026-07-30T13:29:49 IST" name="setUpDriver" finished-at="2026-07-30T13:29:50 IST" duration-ms="967" status="PASS">
          <reporter-output>
          </reporter-output>
        </test-method> <!-- setUpDriver -->
        <test-method signature="partialDepartmentSubstringMatch()[pri:0, instance:com.employeedirectory.tests.SearchByDepartmentTest@409bf450]" started-at="2026-07-30T13:29:50 IST" name="partialDepartmentSubstringMatch" description="SD-03: Partial department substring match" finished-at="2026-07-30T13:29:50 IST" duration-ms="303" status="PASS">
          <reporter-output>
          </reporter-output>
        </test-method> <!-- partialDepartmentSubstringMatch -->
        <test-method is-config="true" signature="tearDownDriver()[pri:0, instance:com.employeedirectory.tests.SearchByDepartmentTest@409bf450]" started-at="2026-07-30T13:29:50 IST" name="tearDownDriver" finished-at="2026-07-30T13:29:50 IST" duration-ms="105" status="PASS">
          <reporter-output>
          </reporter-output>
        </test-method> <!-- tearDownDriver -->
      </class> <!-- com.employeedirectory.tests.SearchByDepartmentTest -->
    </test> <!-- SearchByDepartment -->
    <test started-at="2026-07-30T13:29:50 IST" name="SearchEdgeCases" finished-at="2026-07-30T13:30:03 IST" duration-ms="13134">
      <class name="com.employeedirectory.tests.SearchEdgeCasesTest">
        <test-method is-config="true" signature="setUpClass()[pri:0, instance:com.employeedirectory.tests.SearchEdgeCasesTest@3023df74]" started-at="2026-07-30T13:29:50 IST" name="setUpClass" finished-at="2026-07-30T13:29:50 IST" duration-ms="14" status="PASS">
          <reporter-output>
          </reporter-output>
        </test-method> <!-- setUpClass -->
        <test-method is-config="true" signature="setUpDriver()[pri:0, instance:com.employeedirectory.tests.SearchEdgeCasesTest@3023df74]" started-at="2026-07-30T13:29:50 IST" name="setUpDriver" finished-at="2026-07-30T13:29:51 IST" duration-ms="982" status="PASS">
          <reporter-output>
          </reporter-output>
        </test-method> <!-- setUpDriver -->
        <test-method signature="clearingSearchAfterNoMatchRestoresFullList()[pri:0, instance:com.employeedirectory.tests.SearchEdgeCasesTest@3023df74]" started-at="2026-07-30T13:29:51 IST" name="clearingSearchAfterNoMatchRestoresFullList" description="SE-07: Clearing search after no-match state restores full list" finished-at="2026-07-30T13:29:52 IST" duration-ms="555" status="PASS">
          <reporter-output>
          </reporter-output>
        </test-method> <!-- clearingSearchAfterNoMatchRestoresFullList -->
        <test-method is-config="true" signature="tearDownDriver()[pri:0, instance:com.employeedirectory.tests.SearchEdgeCasesTest@3023df74]" started-at="2026-07-30T13:29:52 IST" name="tearDownDriver" finished-at="2026-07-30T13:29:52 IST" duration-ms="75" status="PASS">
          <reporter-output>
          </reporter-output>
        </test-method> <!-- tearDownDriver -->
        <test-method is-config="true" signature="setUpDriver()[pri:0, instance:com.employeedirectory.tests.SearchEdgeCasesTest@3023df74]" started-at="2026-07-30T13:29:52 IST" name="setUpDriver" finished-at="2026-07-30T13:29:53 IST" duration-ms="952" status="PASS">
          <reporter-output>
          </reporter-output>
        </test-method> <!-- setUpDriver -->
        <test-method signature="emptyQueryShowsFullList()[pri:0, instance:com.employeedirectory.tests.SearchEdgeCasesTest@3023df74]" started-at="2026-07-30T13:29:53 IST" name="emptyQueryShowsFullList" description="SE-01: Empty query shows full list" finished-at="2026-07-30T13:29:53 IST" duration-ms="539" status="PASS">
          <reporter-output>
          </reporter-output>
        </test-method> <!-- emptyQueryShowsFullList -->
        <test-method is-config="true" signature="tearDownDriver()[pri:0, instance:com.employeedirectory.tests.SearchEdgeCasesTest@3023df74]" started-at="2026-07-30T13:29:53 IST" name="tearDownDriver" finished-at="2026-07-30T13:29:53 IST" duration-ms="119" status="PASS">
          <reporter-output>
          </reporter-output>
        </test-method> <!-- tearDownDriver -->
        <test-method is-config="true" signature="setUpDriver()[pri:0, instance:com.employeedirectory.tests.SearchEdgeCasesTest@3023df74]" started-at="2026-07-30T13:29:53 IST" name="setUpDriver" finished-at="2026-07-30T13:29:54 IST" duration-ms="990" status="PASS">
          <reporter-output>
          </reporter-output>
        </test-method> <!-- setUpDriver -->
        <test-method signature="leadingTrailingSpacesAroundValidTermNoMatch()[pri:0, instance:com.employeedirectory.tests.SearchEdgeCasesTest@3023df74]" started-at="2026-07-30T13:29:54 IST" name="leadingTrailingSpacesAroundValidTermNoMatch" description="SE-08: Leading/trailing spaces around a valid term reduce/change match" finished-at="2026-07-30T13:29:55 IST" duration-ms="276" status="PASS">
          <reporter-output>
          </reporter-output>
        </test-method> <!-- leadingTrailingSpacesAroundValidTermNoMatch -->
        <test-method is-config="true" signature="tearDownDriver()[pri:0, instance:com.employeedirectory.tests.SearchEdgeCasesTest@3023df74]" started-at="2026-07-30T13:29:55 IST" name="tearDownDriver" finished-at="2026-07-30T13:29:55 IST" duration-ms="105" status="PASS">
          <reporter-output>
          </reporter-output>
        </test-method> <!-- tearDownDriver -->
        <test-method is-config="true" signature="setUpDriver()[pri:0, instance:com.employeedirectory.tests.SearchEdgeCasesTest@3023df74]" started-at="2026-07-30T13:29:55 IST" name="setUpDriver" finished-at="2026-07-30T13:29:56 IST" duration-ms="1588" status="PASS">
          <reporter-output>
          </reporter-output>
        </test-method> <!-- setUpDriver -->
        <test-method signature="numericQueryDoesNotMatchOnId()[pri:0, instance:com.employeedirectory.tests.SearchEdgeCasesTest@3023df74]" started-at="2026-07-30T13:29:56 IST" name="numericQueryDoesNotMatchOnId" description="SE-05: Numeric query does not match on id" finished-at="2026-07-30T13:29:57 IST" duration-ms="270" status="PASS">
          <reporter-output>
          </reporter-output>
        </test-method> <!-- numericQueryDoesNotMatchOnId -->
        <test-method is-config="true" signature="tearDownDriver()[pri:0, instance:com.employeedirectory.tests.SearchEdgeCasesTest@3023df74]" started-at="2026-07-30T13:29:57 IST" name="tearDownDriver" finished-at="2026-07-30T13:29:57 IST" duration-ms="126" status="PASS">
          <reporter-output>
          </reporter-output>
        </test-method> <!-- tearDownDriver -->
        <test-method is-config="true" signature="setUpDriver()[pri:0, instance:com.employeedirectory.tests.SearchEdgeCasesTest@3023df74]" started-at="2026-07-30T13:29:57 IST" name="setUpDriver" finished-at="2026-07-30T13:29:58 IST" duration-ms="983" status="PASS">
          <reporter-output>
          </reporter-output>
        </test-method> <!-- setUpDriver -->
        <test-method signature="progressiveTypingNarrowsResults()[pri:0, instance:com.employeedirectory.tests.SearchEdgeCasesTest@3023df74]" started-at="2026-07-30T13:29:58 IST" name="progressiveTypingNarrowsResults" description="SE-06: Progressive typing narrows results incrementally" finished-at="2026-07-30T13:29:59 IST" duration-ms="1030" status="PASS">
          <reporter-output>
          </reporter-output>
        </test-method> <!-- progressiveTypingNarrowsResults -->
        <test-method is-config="true" signature="tearDownDriver()[pri:0, instance:com.employeedirectory.tests.SearchEdgeCasesTest@3023df74]" started-at="2026-07-30T13:29:59 IST" name="tearDownDriver" finished-at="2026-07-30T13:29:59 IST" duration-ms="82" status="PASS">
          <reporter-output>
          </reporter-output>
        </test-method> <!-- tearDownDriver -->
        <test-method is-config="true" signature="setUpDriver()[pri:0, instance:com.employeedirectory.tests.SearchEdgeCasesTest@3023df74]" started-at="2026-07-30T13:29:59 IST" name="setUpDriver" finished-at="2026-07-30T13:30:00 IST" duration-ms="1001" status="PASS">
          <reporter-output>
          </reporter-output>
        </test-method> <!-- setUpDriver -->
        <test-method signature="queryMatchingMultipleRows()[pri:0, instance:com.employeedirectory.tests.SearchEdgeCasesTest@3023df74]" started-at="2026-07-30T13:30:00 IST" name="queryMatchingMultipleRows" description="SE-03: Query matching multiple rows across name and department" finished-at="2026-07-30T13:30:00 IST" duration-ms="338" status="PASS">
          <reporter-output>
          </reporter-output>
        </test-method> <!-- queryMatchingMultipleRows -->
        <test-method is-config="true" signature="tearDownDriver()[pri:0, instance:com.employeedirectory.tests.SearchEdgeCasesTest@3023df74]" started-at="2026-07-30T13:30:00 IST" name="tearDownDriver" finished-at="2026-07-30T13:30:00 IST" duration-ms="100" status="PASS">
          <reporter-output>
          </reporter-output>
        </test-method> <!-- tearDownDriver -->
        <test-method is-config="true" signature="setUpDriver()[pri:0, instance:com.employeedirectory.tests.SearchEdgeCasesTest@3023df74]" started-at="2026-07-30T13:30:00 IST" name="setUpDriver" finished-at="2026-07-30T13:30:01 IST" duration-ms="999" status="PASS">
          <reporter-output>
          </reporter-output>
        </test-method> <!-- setUpDriver -->
        <test-method signature="queryWithRegexLikeCharactersDoesNotError()[pri:0, instance:com.employeedirectory.tests.SearchEdgeCasesTest@3023df74]" started-at="2026-07-30T13:30:01 IST" name="queryWithRegexLikeCharactersDoesNotError" description="SE-04: Query with special/regex-like characters does not error" finished-at="2026-07-30T13:30:02 IST" duration-ms="530" status="PASS">
          <reporter-output>
          </reporter-output>
        </test-method> <!-- queryWithRegexLikeCharactersDoesNotError -->
        <test-method is-config="true" signature="tearDownDriver()[pri:0, instance:com.employeedirectory.tests.SearchEdgeCasesTest@3023df74]" started-at="2026-07-30T13:30:02 IST" name="tearDownDriver" finished-at="2026-07-30T13:30:02 IST" duration-ms="118" status="PASS">
          <reporter-output>
          </reporter-output>
        </test-method> <!-- tearDownDriver -->
        <test-method is-config="true" signature="setUpDriver()[pri:0, instance:com.employeedirectory.tests.SearchEdgeCasesTest@3023df74]" started-at="2026-07-30T13:30:02 IST" name="setUpDriver" finished-at="2026-07-30T13:30:03 IST" duration-ms="975" status="PASS">
          <reporter-output>
          </reporter-output>
        </test-method> <!-- setUpDriver -->
        <test-method signature="whitespaceOnlyQueryReturnsNoMatches()[pri:0, instance:com.employeedirectory.tests.SearchEdgeCasesTest@3023df74]" started-at="2026-07-30T13:30:03 IST" name="whitespaceOnlyQueryReturnsNoMatches" description="SE-02: Whitespace-only query returns no matches" finished-at="2026-07-30T13:30:03 IST" duration-ms="280" status="PASS">
          <reporter-output>
          </reporter-output>
        </test-method> <!-- whitespaceOnlyQueryReturnsNoMatches -->
        <test-method is-config="true" signature="tearDownDriver()[pri:0, instance:com.employeedirectory.tests.SearchEdgeCasesTest@3023df74]" started-at="2026-07-30T13:30:03 IST" name="tearDownDriver" finished-at="2026-07-30T13:30:03 IST" duration-ms="94" status="PASS">
          <reporter-output>
          </reporter-output>
        </test-method> <!-- tearDownDriver -->
      </class> <!-- com.employeedirectory.tests.SearchEdgeCasesTest -->
    </test> <!-- SearchEdgeCases -->
  </suite> <!-- EmployeeDirectorySuite -->
</testng-results>
