<?xml version="1.0" encoding="UTF-8"?>
<!-- Generated by org.testng.reporters.JUnitXMLReporter -->
<testsuite ignored="0" hostname="EPINHYDW136C" failures="0" tests="5" name="PageLoadRendering" time="6.759" errors="0" timestamp="2026-07-30T13:29:33 IST">
  <testcase classname="com.employeedirectory.tests.PageLoadRenderingTest" name="allEmployeesRenderOnInitialLoad" time="0.115"/>
  <testcase classname="com.employeedirectory.tests.PageLoadRenderingTest" name="pageLoadsWithTitleAndSearchBox" time="0.035"/>
  <testcase classname="com.employeedirectory.tests.PageLoadRenderingTest" name="rowCellValuesMatchFixtureData" time="0.099"/>
  <testcase classname="com.employeedirectory.tests.PageLoadRenderingTest" name="searchBoxIsEmptyByDefault" time="0.013"/>
  <testcase classname="com.employeedirectory.tests.PageLoadRenderingTest" name="tableHeaderColumnsAreCorrect" time="0.079"/>
</testsuite> <!-- PageLoadRendering -->
