<?xml version="1.0" encoding="UTF-8"?>
<!-- Generated by org.testng.reporters.JUnitXMLReporter -->
<testsuite ignored="0" hostname="EPINHYDW136C" failures="0" tests="7" name="SearchByName" time="9.762" errors="0" timestamp="2026-07-30T13:29:43 IST">
  <testcase classname="com.employeedirectory.tests.SearchByNameTest" name="fullNameCaseInsensitiveMatch" time="0.302"/>
  <testcase classname="com.employeedirectory.tests.SearchByNameTest" name="fullNameExactCaseMatch" time="0.331"/>
  <testcase classname="com.employeedirectory.tests.SearchByNameTest" name="mixedCasePartialNameMatch" time="0.295"/>
  <testcase classname="com.employeedirectory.tests.SearchByNameTest" name="nameSubstringWithNoMatchReturnsEmpty" time="0.276"/>
  <testcase classname="com.employeedirectory.tests.SearchByNameTest" name="partialNameMatchFirstNameOnly" time="0.305"/>
  <testcase classname="com.employeedirectory.tests.SearchByNameTest" name="partialNameMatchLastNameOnly" time="0.32"/>
  <testcase classname="com.employeedirectory.tests.SearchByNameTest" name="partialNameMatchMiddleOfString" time="0.285"/>
</testsuite> <!-- SearchByName -->
