<?xml version="1.0" encoding="UTF-8"?>
<!-- Generated by org.testng.reporters.JUnitXMLReporter -->
<testsuite ignored="0" hostname="EPINHYDW136C" failures="0" tests="5" name="SearchByDepartment" time="6.912" errors="0" timestamp="2026-07-30T13:29:50 IST">
  <testcase classname="com.employeedirectory.tests.SearchByDepartmentTest" name="departmentQueryWithNoMatches" time="0.282"/>
  <testcase classname="com.employeedirectory.tests.SearchByDepartmentTest" name="departmentSubstringMatchMixedCase" time="0.289"/>
  <testcase classname="com.employeedirectory.tests.SearchByDepartmentTest" name="exactDepartmentMatchCaseInsensitive" time="0.296"/>
  <testcase classname="com.employeedirectory.tests.SearchByDepartmentTest" name="exactDepartmentMatchSingleResult" time="0.337"/>
  <testcase classname="com.employeedirectory.tests.SearchByDepartmentTest" name="partialDepartmentSubstringMatch" time="0.303"/>
</testsuite> <!-- SearchByDepartment -->
