<?xml version="1.0" encoding="UTF-8"?>
<!-- Generated by org.testng.reporters.JUnitXMLReporter -->
<testsuite ignored="0" hostname="EPINHYDW136C" failures="0" tests="8" name="SearchEdgeCases" time="13.134" errors="0" timestamp="2026-07-30T13:30:03 IST">
  <testcase classname="com.employeedirectory.tests.SearchEdgeCasesTest" name="clearingSearchAfterNoMatchRestoresFullList" time="0.555"/>
  <testcase classname="com.employeedirectory.tests.SearchEdgeCasesTest" name="emptyQueryShowsFullList" time="0.539"/>
  <testcase classname="com.employeedirectory.tests.SearchEdgeCasesTest" name="leadingTrailingSpacesAroundValidTermNoMatch" time="0.276"/>
  <testcase classname="com.employeedirectory.tests.SearchEdgeCasesTest" name="numericQueryDoesNotMatchOnId" time="0.27"/>
  <testcase classname="com.employeedirectory.tests.SearchEdgeCasesTest" name="progressiveTypingNarrowsResults" time="1.03"/>
  <testcase classname="com.employeedirectory.tests.SearchEdgeCasesTest" name="queryMatchingMultipleRows" time="0.338"/>
  <testcase classname="com.employeedirectory.tests.SearchEdgeCasesTest" name="queryWithRegexLikeCharactersDoesNotError" time="0.53"/>
  <testcase classname="com.employeedirectory.tests.SearchEdgeCasesTest" name="whitespaceOnlyQueryReturnsNoMatches" time="0.28"/>
</testsuite> <!-- SearchEdgeCases -->
