<?xml version="1.0" encoding="UTF-8"?>
<!-- Generated by org.testng.reporters.JUnitReportReporter -->
<testsuite hostname="EPINHYDW136C" failures="0" tests="8" name="com.employeedirectory.tests.SearchEdgeCasesTest" time="13.107" errors="0" timestamp="2026-07-30T13:30:03 IST" skipped="0">
  <testcase classname="com.employeedirectory.tests.SearchEdgeCasesTest" name="whitespaceOnlyQueryReturnsNoMatches" time="1.337"/>
  <testcase classname="com.employeedirectory.tests.SearchEdgeCasesTest" name="leadingTrailingSpacesAroundValidTermNoMatch" time="1.370"/>
  <testcase classname="com.employeedirectory.tests.SearchEdgeCasesTest" name="queryWithRegexLikeCharactersDoesNotError" time="1.588"/>
  <testcase classname="com.employeedirectory.tests.SearchEdgeCasesTest" name="emptyQueryShowsFullList" time="2.253"/>
  <testcase classname="com.employeedirectory.tests.SearchEdgeCasesTest" name="numericQueryDoesNotMatchOnId" time="1.365"/>
  <testcase classname="com.employeedirectory.tests.SearchEdgeCasesTest" name="clearingSearchAfterNoMatchRestoresFullList" time="1.627"/>
  <testcase classname="com.employeedirectory.tests.SearchEdgeCasesTest" name="progressiveTypingNarrowsResults" time="2.112"/>
  <testcase classname="com.employeedirectory.tests.SearchEdgeCasesTest" name="queryMatchingMultipleRows" time="1.455"/>
</testsuite> <!-- com.employeedirectory.tests.SearchEdgeCasesTest -->
