<?xml version="1.0" encoding="UTF-8"?>
<!-- Generated by org.testng.reporters.JUnitReportReporter -->
<testsuite hostname="EPINHYDW136C" failures="0" tests="5" name="com.employeedirectory.tests.SearchByDepartmentTest" time="6.894" errors="0" timestamp="2026-07-30T13:30:03 IST" skipped="0">
  <testcase classname="com.employeedirectory.tests.SearchByDepartmentTest" name="exactDepartmentMatchSingleResult" time="1.413"/>
  <testcase classname="com.employeedirectory.tests.SearchByDepartmentTest" name="departmentSubstringMatchMixedCase" time="1.394"/>
  <testcase classname="com.employeedirectory.tests.SearchByDepartmentTest" name="departmentQueryWithNoMatches" time="1.333"/>
  <testcase classname="com.employeedirectory.tests.SearchByDepartmentTest" name="exactDepartmentMatchCaseInsensitive" time="1.382"/>
  <testcase classname="com.employeedirectory.tests.SearchByDepartmentTest" name="partialDepartmentSubstringMatch" time="1.372"/>
</testsuite> <!-- com.employeedirectory.tests.SearchByDepartmentTest -->
