<?xml version="1.0" encoding="UTF-8"?>
<!-- Generated by org.testng.reporters.JUnitReportReporter -->
<testsuite hostname="EPINHYDW136C" failures="0" tests="5" name="com.employeedirectory.tests.PageLoadRenderingTest" time="5.987" errors="0" timestamp="2026-07-30T13:30:03 IST" skipped="0">
  <testcase classname="com.employeedirectory.tests.PageLoadRenderingTest" name="tableHeaderColumnsAreCorrect" time="1.133"/>
  <testcase classname="com.employeedirectory.tests.PageLoadRenderingTest" name="allEmployeesRenderOnInitialLoad" time="1.205"/>
  <testcase classname="com.employeedirectory.tests.PageLoadRenderingTest" name="pageLoadsWithTitleAndSearchBox" time="1.172"/>
  <testcase classname="com.employeedirectory.tests.PageLoadRenderingTest" name="rowCellValuesMatchFixtureData" time="1.160"/>
  <testcase classname="com.employeedirectory.tests.PageLoadRenderingTest" name="searchBoxIsEmptyByDefault" time="1.317"/>
</testsuite> <!-- com.employeedirectory.tests.PageLoadRenderingTest -->
