<?xml version="1.0" encoding="UTF-8"?>
<!-- Generated by org.testng.reporters.JUnitReportReporter -->
<testsuite hostname="EPINHYDW136C" failures="0" tests="7" name="com.employeedirectory.tests.SearchByNameTest" time="9.739" errors="0" timestamp="2026-07-30T13:30:03 IST" skipped="0">
  <testcase classname="com.employeedirectory.tests.SearchByNameTest" name="partialNameMatchMiddleOfString" time="1.391"/>
  <testcase classname="com.employeedirectory.tests.SearchByNameTest" name="fullNameExactCaseMatch" time="1.433"/>
  <testcase classname="com.employeedirectory.tests.SearchByNameTest" name="partialNameMatchFirstNameOnly" time="1.394"/>
  <testcase classname="com.employeedirectory.tests.SearchByNameTest" name="nameSubstringWithNoMatchReturnsEmpty" time="1.372"/>
  <testcase classname="com.employeedirectory.tests.SearchByNameTest" name="fullNameCaseInsensitiveMatch" time="1.347"/>
  <testcase classname="com.employeedirectory.tests.SearchByNameTest" name="mixedCasePartialNameMatch" time="1.393"/>
  <testcase classname="com.employeedirectory.tests.SearchByNameTest" name="partialNameMatchLastNameOnly" time="1.409"/>
</testsuite> <!-- com.employeedirectory.tests.SearchByNameTest -->
