<?xml version="1.0" encoding="UTF-8"?>
<!-- Generated by org.testng.reporters.JUnitXMLReporter -->
<testsuite ignored="0" hostname="EPINHYDW136C" failures="0" tests="20" name="Surefire test" time="33.188" errors="0" timestamp="2026-07-30T10:55:03 IST">
  <testcase classname="com.employeedirectory.tests.SearchByDepartmentTest" name="departmentQueryWithNoMatches" time="0.316"/>
  <testcase classname="com.employeedirectory.tests.SearchByDepartmentTest" name="departmentSubstringMatchMixedCase" time="0.338"/>
  <testcase classname="com.employeedirectory.tests.SearchByDepartmentTest" name="exactDepartmentMatchCaseInsensitive" time="0.367"/>
  <testcase classname="com.employeedirectory.tests.SearchByDepartmentTest" name="exactDepartmentMatchSingleResult" time="0.408"/>
  <testcase classname="com.employeedirectory.tests.SearchByDepartmentTest" name="partialDepartmentSubstringMatch" time="0.361"/>
  <testcase classname="com.employeedirectory.tests.SearchByNameTest" name="fullNameCaseInsensitiveMatch" time="0.371"/>
  <testcase classname="com.employeedirectory.tests.SearchByNameTest" name="fullNameExactCaseMatch" time="0.4"/>
  <testcase classname="com.employeedirectory.tests.SearchByNameTest" name="mixedCasePartialNameMatch" time="0.389"/>
  <testcase classname="com.employeedirectory.tests.SearchByNameTest" name="nameSubstringWithNoMatchReturnsEmpty" time="0.316"/>
  <testcase classname="com.employeedirectory.tests.SearchByNameTest" name="partialNameMatchFirstNameOnly" time="0.34"/>
  <testcase classname="com.employeedirectory.tests.SearchByNameTest" name="partialNameMatchLastNameOnly" time="0.43"/>
  <testcase classname="com.employeedirectory.tests.SearchByNameTest" name="partialNameMatchMiddleOfString" time="0.335"/>
  <testcase classname="com.employeedirectory.tests.SearchEdgeCasesTest" name="clearingSearchAfterNoMatchRestoresFullList" time="0.608"/>
  <testcase classname="com.employeedirectory.tests.SearchEdgeCasesTest" name="emptyQueryShowsFullList" time="0.667"/>
  <testcase classname="com.employeedirectory.tests.SearchEdgeCasesTest" name="leadingTrailingSpacesAroundValidTermNoMatch" time="0.292"/>
  <testcase classname="com.employeedirectory.tests.SearchEdgeCasesTest" name="numericQueryDoesNotMatchOnId" time="0.284"/>
  <testcase classname="com.employeedirectory.tests.SearchEdgeCasesTest" name="progressiveTypingNarrowsResults" time="1.177"/>
  <testcase classname="com.employeedirectory.tests.SearchEdgeCasesTest" name="queryMatchingMultipleRows" time="0.329"/>
  <testcase classname="com.employeedirectory.tests.SearchEdgeCasesTest" name="queryWithRegexLikeCharactersDoesNotError" time="0.633"/>
  <testcase classname="com.employeedirectory.tests.SearchEdgeCasesTest" name="whitespaceOnlyQueryReturnsNoMatches" time="0.328"/>
</testsuite> <!-- Surefire test -->
